#
# There is insufficient memory for the Java Runtime Environment to continue.
# Native memory allocation (malloc) failed to allocate 32744 bytes for ChunkPool::allocate
# Possible reasons:
#   The system is out of physical RAM or swap space
#   The process is running with CompressedOops enabled, and the Java Heap may be blocking the growth of the native heap
# Possible solutions:
#   Reduce memory load on the system
#   Increase physical memory or swap space
#   Check if swap backing store is full
#   Decrease Java heap size (-Xmx/-Xms)
#   Decrease number of Java threads
#   Decrease Java thread stack sizes (-Xss)
#   Set larger code cache with -XX:ReservedCodeCacheSize=
#   JVM is running with Unscaled Compressed Oops mode in which the Java heap is
#     placed in the first 4GB address space. The Java Heap base address is the
#     maximum limit for the native heap growth. Please use -XX:HeapBaseMinAddress
#     to set the Java Heap base and to place the Java Heap above 4GB virtual address.
# This output file may be truncated or incomplete.
#
#  Out of Memory Error (allocation.cpp:272), pid=9008, tid=0x0000000000002534
#
# JRE version: OpenJDK Runtime Environment (Zulu 8.38.0.13-CA-win64) (8.0_212-b04) (build 1.8.0_212-b04)
# Java VM: OpenJDK 64-Bit Server VM (25.212-b04 mixed mode windows-amd64 compressed oops)
# Failed to write core dump. Minidumps are not enabled by default on client versions of Windows
#

---------------  T H R E A D  ---------------

Current thread (0x0000000018a84800):  JavaThread "C1 CompilerThread2" daemon [_thread_in_native, id=9524, stack(0x0000000018ed0000,0x0000000018fd0000)]

Stack: [0x0000000018ed0000,0x0000000018fd0000]
[error occurred during error reporting (printing stack bounds), id 0xc0000005]

Native frames: (J=compiled Java code, j=interpreted, Vv=VM code, C=native code)


Current CompileTask:
C1:   7681 5273   !   1       org.springframework.beans.factory.support.ConstructorResolver::instantiateUsingFactoryMethod (1488 bytes)


---------------  P R O C E S S  ---------------

Java Threads: ( => current thread )
  0x000000001b839000 JavaThread "Live Reload Server" daemon [_thread_in_native, id=4852, stack(0x000000001f730000,0x000000001f830000)]
  0x000000001b83e000 JavaThread "container-0" [_thread_blocked, id=5676, stack(0x000000001f530000,0x000000001f630000)]
  0x000000001b83d000 JavaThread "Catalina-utility-2" [_thread_blocked, id=5208, stack(0x000000001f430000,0x000000001f530000)]
  0x000000001b83b800 JavaThread "Catalina-utility-1" [_thread_blocked, id=332, stack(0x000000001f330000,0x000000001f430000)]
  0x000000001b837800 JavaThread "HikariPool-1 connection adder" daemon [_thread_blocked, id=10152, stack(0x000000001ea30000,0x000000001eb30000)]
  0x000000001b83b000 JavaThread "HikariPool-1 housekeeper" daemon [_thread_blocked, id=7964, stack(0x000000001d760000,0x000000001d860000)]
  0x000000001b837000 JavaThread "mysql-cj-abandoned-connection-cleanup" daemon [_thread_blocked, id=7668, stack(0x000000001ce60000,0x000000001cf60000)]
  0x0000000019862000 JavaThread "restartedMain" [_thread_in_Java, id=9256, stack(0x000000001a890000,0x000000001a990000)]
  0x00000000171db800 JavaThread "Thread-2" [_thread_blocked, id=2968, stack(0x000000001a790000,0x000000001a890000)]
  0x000000001963f800 JavaThread "RMI Scheduler(0)" daemon [_thread_blocked, id=4924, stack(0x000000001a540000,0x000000001a640000)]
  0x000000001963d000 JavaThread "RMI TCP Connection(2)-127.0.0.1" daemon [_thread_in_native, id=8416, stack(0x000000001a440000,0x000000001a540000)]
  0x000000001958b000 JavaThread "RMI TCP Connection(1)-127.0.0.1" daemon [_thread_in_native, id=8204, stack(0x000000001a240000,0x000000001a340000)]
  0x00000000195eb800 JavaThread "RMI TCP Accept-0" daemon [_thread_in_native, id=4024, stack(0x0000000019e30000,0x0000000019f30000)]
  0x000000001957f800 JavaThread "RMI TCP Accept-59584" daemon [_thread_in_native, id=9936, stack(0x0000000019d30000,0x0000000019e30000)]
  0x0000000019573800 JavaThread "RMI TCP Accept-0" daemon [_thread_in_native, id=7500, stack(0x0000000019c30000,0x0000000019d30000)]
  0x0000000018add000 JavaThread "Service Thread" daemon [_thread_blocked, id=1740, stack(0x0000000018fd0000,0x00000000190d0000)]
=>0x0000000018a84800 JavaThread "C1 CompilerThread2" daemon [_thread_in_native, id=9524, stack(0x0000000018ed0000,0x0000000018fd0000)]
  0x0000000018a5f800 JavaThread "C2 CompilerThread1" daemon [_thread_blocked, id=9844, stack(0x0000000018dd0000,0x0000000018ed0000)]
  0x0000000018a5d000 JavaThread "C2 CompilerThread0" daemon [_thread_blocked, id=2776, stack(0x0000000018cd0000,0x0000000018dd0000)]
  0x0000000018a5a800 JavaThread "Monitor Ctrl-Break" daemon [_thread_in_native, id=9528, stack(0x0000000018bd0000,0x0000000018cd0000)]
  0x0000000017192800 JavaThread "Attach Listener" daemon [_thread_blocked, id=4228, stack(0x00000000186d0000,0x00000000187d0000)]
  0x0000000017192000 JavaThread "Signal Dispatcher" daemon [_thread_blocked, id=32, stack(0x00000000185d0000,0x00000000186d0000)]
  0x00000000024ce000 JavaThread "Finalizer" daemon [_thread_blocked, id=4548, stack(0x00000000183d0000,0x00000000184d0000)]
  0x0000000017169000 JavaThread "Reference Handler" daemon [_thread_blocked, id=7612, stack(0x00000000182d0000,0x00000000183d0000)]
  0x00000000023d8800 JavaThread "main" [_thread_blocked, id=8660, stack(0x00000000022d0000,0x00000000023d0000)]

Other Threads:
  0x0000000017147800 VMThread [stack: 0x00000000181d0000,0x00000000182d0000] [id=7844]
  0x00000000195a1000 WatcherThread [stack: 0x0000000019f30000,0x000000001a030000] [id=3732]

VM state:not at safepoint (normal execution)

VM Mutex/Monitor currently owned by a thread: None

heap address: 0x0000000081000000, size: 2032 MB, Compressed Oops mode: 32-bit
Narrow klass base: 0x0000000000000000, Narrow klass shift: 3
Compressed class space size: 1073741824 Address: 0x0000000100000000

Heap:
 PSYoungGen      total 189952K, used 9848K [0x00000000d5b00000, 0x00000000e4180000, 0x0000000100000000)
  eden space 179712K, 5% used [0x00000000d5b00000,0x00000000d649e178,0x00000000e0a80000)
  from space 10240K, 0% used [0x00000000e1800000,0x00000000e1800000,0x00000000e2200000)
  to   space 13824K, 0% used [0x00000000e0a80000,0x00000000e0a80000,0x00000000e1800000)
 ParOldGen       total 54784K, used 28868K [0x0000000081000000, 0x0000000084580000, 0x00000000d5b00000)
  object space 54784K, 52% used [0x0000000081000000,0x0000000082c312b8,0x0000000084580000)
 Metaspace       used 56147K, capacity 58868K, committed 59136K, reserved 1101824K
  class space    used 7891K, capacity 8387K, committed 8448K, reserved 1048576K

Card table byte_map: [0x00000000119b0000,0x0000000011db0000] byte_map_base: 0x00000000115a8000

Marking Bits: (ParMarkBitMap*) 0x000000005f98d630
 Begin Bits: [0x0000000012460000, 0x0000000014420000)
 End Bits:   [0x0000000014420000, 0x00000000163e0000)

Polling page: 0x0000000002210000

CodeCache: size=245760Kb used=10371Kb max_used=10371Kb free=235388Kb
 bounds [0x00000000025f0000, 0x0000000003020000, 0x00000000115f0000]
 total_blobs=5803 nmethods=5244 adapters=469
 compilation: enabled

Compilation events (10 events):
Event: 7.656 Thread 0x0000000018a84800 nmethod 5269 0x000000000300e910 code [0x000000000300eaa0, 0x000000000300efb8]
Event: 7.656 Thread 0x0000000018a84800 5268       1       java.util.TimSort::countRunAndMakeAscending (128 bytes)
Event: 7.656 Thread 0x0000000018a84800 nmethod 5268 0x000000000300f390 code [0x000000000300f540, 0x000000000300f9a8]
Event: 7.664 Thread 0x0000000018a84800 5270       1       org.springframework.web.servlet.handler.BeanNameUrlHandlerMapping::determineUrlsForHandler (91 bytes)
Event: 7.665 Thread 0x0000000018a84800 nmethod 5270 0x000000000300fd90 code [0x000000000300ff80, 0x0000000003010678]
Event: 7.665 Thread 0x0000000018a84800 5271       1       org.springframework.context.support.AbstractApplicationContext::getAliases (11 bytes)
Event: 7.665 Thread 0x0000000018a84800 nmethod 5271 0x0000000003010e10 code [0x0000000003010f80, 0x00000000030110d8]
Event: 7.668 Thread 0x0000000018a84800 5272       1       sun.reflect.UnsafeFieldAccessorImpl::ensureObj (23 bytes)
Event: 7.668 Thread 0x0000000018a84800 nmethod 5272 0x0000000003011190 code [0x0000000003011320, 0x00000000030115d8]
Event: 7.673 Thread 0x0000000018a84800 5273   !   1       org.springframework.beans.factory.support.ConstructorResolver::instantiateUsingFactoryMethod (1488 bytes)

GC Heap History (10 events):
Event: 4.651 GC heap before
{Heap before GC invocations=11 (full 2):
 PSYoungGen      total 193536K, used 11809K [0x00000000d5b00000, 0x00000000e4180000, 0x0000000100000000)
  eden space 179712K, 0% used [0x00000000d5b00000,0x00000000d5b00000,0x00000000e0a80000)
  from space 13824K, 85% used [0x00000000e0a80000,0x00000000e1608430,0x00000000e1800000)
  to   space 10240K, 0% used [0x00000000e1800000,0x00000000e1800000,0x00000000e2200000)
 ParOldGen       total 54784K, used 15434K [0x0000000081000000, 0x0000000084580000, 0x00000000d5b00000)
  object space 54784K, 28% used [0x0000000081000000,0x0000000081f12840,0x0000000084580000)
 Metaspace       used 33619K, capacity 35340K, committed 35456K, reserved 1079296K
  class space    used 4558K, capacity 4905K, committed 4992K, reserved 1048576K
Event: 4.738 GC heap after
Heap after GC invocations=11 (full 2):
 PSYoungGen      total 193536K, used 0K [0x00000000d5b00000, 0x00000000e4180000, 0x0000000100000000)
  eden space 179712K, 0% used [0x00000000d5b00000,0x00000000d5b00000,0x00000000e0a80000)
  from space 13824K, 0% used [0x00000000e0a80000,0x00000000e0a80000,0x00000000e1800000)
  to   space 10240K, 0% used [0x00000000e1800000,0x00000000e1800000,0x00000000e2200000)
 ParOldGen       total 54784K, used 18868K [0x0000000081000000, 0x0000000084580000, 0x00000000d5b00000)
  object space 54784K, 34% used [0x0000000081000000,0x000000008226d068,0x0000000084580000)
 Metaspace       used 33619K, capacity 35340K, committed 35456K, reserved 1079296K
  class space    used 4558K, capacity 4905K, committed 4992K, reserved 1048576K
}
Event: 5.929 GC heap before
{Heap before GC invocations=12 (full 2):
 PSYoungGen      total 193536K, used 179712K [0x00000000d5b00000, 0x00000000e4180000, 0x0000000100000000)
  eden space 179712K, 100% used [0x00000000d5b00000,0x00000000e0a80000,0x00000000e0a80000)
  from space 13824K, 0% used [0x00000000e0a80000,0x00000000e0a80000,0x00000000e1800000)
  to   space 10240K, 0% used [0x00000000e1800000,0x00000000e1800000,0x00000000e2200000)
 ParOldGen       total 54784K, used 18868K [0x0000000081000000, 0x0000000084580000, 0x00000000d5b00000)
  object space 54784K, 34% used [0x0000000081000000,0x000000008226d068,0x0000000084580000)
 Metaspace       used 47109K, capacity 49102K, committed 49280K, reserved 1091584K
  class space    used 6574K, capacity 6975K, committed 7040K, reserved 1048576K
Event: 5.942 GC heap after
Heap after GC invocations=12 (full 2):
 PSYoungGen      total 189952K, used 10220K [0x00000000d5b00000, 0x00000000e4180000, 0x0000000100000000)
  eden space 179712K, 0% used [0x00000000d5b00000,0x00000000d5b00000,0x00000000e0a80000)
  from space 10240K, 99% used [0x00000000e1800000,0x00000000e21fb388,0x00000000e2200000)
  to   space 13824K, 0% used [0x00000000e0a80000,0x00000000e0a80000,0x00000000e1800000)
 ParOldGen       total 54784K, used 24801K [0x0000000081000000, 0x0000000084580000, 0x00000000d5b00000)
  object space 54784K, 45% used [0x0000000081000000,0x00000000828386b0,0x0000000084580000)
 Metaspace       used 47109K, capacity 49102K, committed 49280K, reserved 1091584K
  class space    used 6574K, capacity 6975K, committed 7040K, reserved 1048576K
}
Event: 7.326 GC heap before
{Heap before GC invocations=13 (full 2):
 PSYoungGen      total 189952K, used 189932K [0x00000000d5b00000, 0x00000000e4180000, 0x0000000100000000)
  eden space 179712K, 100% used [0x00000000d5b00000,0x00000000e0a80000,0x00000000e0a80000)
  from space 10240K, 99% used [0x00000000e1800000,0x00000000e21fb388,0x00000000e2200000)
  to   space 13824K, 0% used [0x00000000e0a80000,0x00000000e0a80000,0x00000000e1800000)
 ParOldGen       total 54784K, used 24801K [0x0000000081000000, 0x0000000084580000, 0x00000000d5b00000)
  object space 54784K, 45% used [0x0000000081000000,0x00000000828386b0,0x0000000084580000)
 Metaspace       used 55785K, capacity 58370K, committed 58496K, reserved 1099776K
  class space    used 7819K, capacity 8292K, committed 8320K, reserved 1048576K
Event: 7.367 GC heap after
Heap after GC invocations=13 (full 2):
 PSYoungGen      total 193536K, used 13818K [0x00000000d5b00000, 0x00000000e4180000, 0x0000000100000000)
  eden space 179712K, 0% used [0x00000000d5b00000,0x00000000d5b00000,0x00000000e0a80000)
  from space 13824K, 99% used [0x00000000e0a80000,0x00000000e17fea78,0x00000000e1800000)
  to   space 10240K, 0% used [0x00000000e1800000,0x00000000e1800000,0x00000000e2200000)
 ParOldGen       total 54784K, used 31509K [0x0000000081000000, 0x0000000084580000, 0x00000000d5b00000)
  object space 54784K, 57% used [0x0000000081000000,0x0000000082ec5480,0x0000000084580000)
 Metaspace       used 55785K, capacity 58370K, committed 58496K, reserved 1099776K
  class space    used 7819K, capacity 8292K, committed 8320K, reserved 1048576K
}
Event: 7.384 GC heap before
{Heap before GC invocations=14 (full 2):
 PSYoungGen      total 193536K, used 20687K [0x00000000d5b00000, 0x00000000e4180000, 0x0000000100000000)
  eden space 179712K, 3% used [0x00000000d5b00000,0x00000000d61b5350,0x00000000e0a80000)
  from space 13824K, 99% used [0x00000000e0a80000,0x00000000e17fea78,0x00000000e1800000)
  to   space 10240K, 0% used [0x00000000e1800000,0x00000000e1800000,0x00000000e2200000)
 ParOldGen       total 54784K, used 31509K [0x0000000081000000, 0x0000000084580000, 0x00000000d5b00000)
  object space 54784K, 57% used [0x0000000081000000,0x0000000082ec5480,0x0000000084580000)
 Metaspace       used 55867K, capacity 58476K, committed 58496K, reserved 1103872K
  class space    used 7832K, capacity 8301K, committed 8320K, reserved 1048576K
Event: 7.396 GC heap after
Heap after GC invocations=14 (full 2):
 PSYoungGen      total 189952K, used 160K [0x00000000d5b00000, 0x00000000e4180000, 0x0000000100000000)
  eden space 179712K, 0% used [0x00000000d5b00000,0x00000000d5b00000,0x00000000e0a80000)
  from space 10240K, 1% used [0x00000000e1800000,0x00000000e1828000,0x00000000e2200000)
  to   space 13824K, 0% used [0x00000000e0a80000,0x00000000e0a80000,0x00000000e1800000)
 ParOldGen       total 54784K, used 38108K [0x0000000081000000, 0x0000000084580000, 0x00000000d5b00000)
  object space 54784K, 69% used [0x0000000081000000,0x0000000083537258,0x0000000084580000)
 Metaspace       used 55867K, capacity 58476K, committed 58496K, reserved 1103872K
  class space    used 7832K, capacity 8301K, committed 8320K, reserved 1048576K
}
Event: 7.396 GC heap before
{Heap before GC invocations=15 (full 3):
 PSYoungGen      total 189952K, used 160K [0x00000000d5b00000, 0x00000000e4180000, 0x0000000100000000)
  eden space 179712K, 0% used [0x00000000d5b00000,0x00000000d5b00000,0x00000000e0a80000)
  from space 10240K, 1% used [0x00000000e1800000,0x00000000e1828000,0x00000000e2200000)
  to   space 13824K, 0% used [0x00000000e0a80000,0x00000000e0a80000,0x00000000e1800000)
 ParOldGen       total 54784K, used 38108K [0x0000000081000000, 0x0000000084580000, 0x00000000d5b00000)
  object space 54784K, 69% used [0x0000000081000000,0x0000000083537258,0x0000000084580000)
 Metaspace       used 55867K, capacity 58476K, committed 58496K, reserved 1103872K
  class space    used 7832K, capacity 8301K, committed 8320K, reserved 1048576K
Event: 7.619 GC heap after
Heap after GC invocations=15 (full 3):
 PSYoungGen      total 189952K, used 0K [0x00000000d5b00000, 0x00000000e4180000, 0x0000000100000000)
  eden space 179712K, 0% used [0x00000000d5b00000,0x00000000d5b00000,0x00000000e0a80000)
  from space 10240K, 0% used [0x00000000e1800000,0x00000000e1800000,0x00000000e2200000)
  to   space 13824K, 0% used [0x00000000e0a80000,0x00000000e0a80000,0x00000000e1800000)
 ParOldGen       total 54784K, used 28868K [0x0000000081000000, 0x0000000084580000, 0x00000000d5b00000)
  object space 54784K, 52% used [0x0000000081000000,0x0000000082c312b8,0x0000000084580000)
 Metaspace       used 55867K, capacity 58476K, committed 58496K, reserved 1101824K
  class space    used 7832K, capacity 8301K, committed 8320K, reserved 1048576K
}

Deoptimization events (0 events):
No events

Classes redefined (0 events):
No events

Internal exceptions (10 events):
Event: 7.290 Thread 0x0000000019862000 Exception <a 'java/lang/ArrayIndexOutOfBoundsException'> (0x00000000e0609ec0) thrown at [C:\jenkins\workspace\zulu8-silver-build-win64\zulu-src\hotspot\src\share\vm\runtime\sharedRuntime.cpp, line 605]
Event: 7.294 Thread 0x0000000019862000 Exception <a 'java/lang/ArrayIndexOutOfBoundsException'> (0x00000000e064ea20) thrown at [C:\jenkins\workspace\zulu8-silver-build-win64\zulu-src\hotspot\src\share\vm\runtime\sharedRuntime.cpp, line 605]
Event: 7.299 Thread 0x0000000019862000 Exception <a 'java/lang/ArrayIndexOutOfBoundsException'> (0x00000000e08049f8) thrown at [C:\jenkins\workspace\zulu8-silver-build-win64\zulu-src\hotspot\src\share\vm\runtime\sharedRuntime.cpp, line 605]
Event: 7.299 Thread 0x0000000019862000 Exception <a 'java/lang/ArrayIndexOutOfBoundsException'> (0x00000000e0807440) thrown at [C:\jenkins\workspace\zulu8-silver-build-win64\zulu-src\hotspot\src\share\vm\runtime\sharedRuntime.cpp, line 605]
Event: 7.299 Thread 0x0000000019862000 Exception <a 'java/lang/ArrayIndexOutOfBoundsException'> (0x00000000e080bee8) thrown at [C:\jenkins\workspace\zulu8-silver-build-win64\zulu-src\hotspot\src\share\vm\runtime\sharedRuntime.cpp, line 605]
Event: 7.299 Thread 0x0000000019862000 Exception <a 'java/lang/ArrayIndexOutOfBoundsException'> (0x00000000e080e930) thrown at [C:\jenkins\workspace\zulu8-silver-build-win64\zulu-src\hotspot\src\share\vm\runtime\sharedRuntime.cpp, line 605]
Event: 7.300 Thread 0x0000000019862000 Exception <a 'java/lang/ArrayIndexOutOfBoundsException'> (0x00000000e0817338) thrown at [C:\jenkins\workspace\zulu8-silver-build-win64\zulu-src\hotspot\src\share\vm\runtime\sharedRuntime.cpp, line 605]
Event: 7.300 Thread 0x0000000019862000 Exception <a 'java/lang/ArrayIndexOutOfBoundsException'> (0x00000000e081b9c8) thrown at [C:\jenkins\workspace\zulu8-silver-build-win64\zulu-src\hotspot\src\share\vm\runtime\sharedRuntime.cpp, line 605]
Event: 7.647 Thread 0x0000000019862000 Exception <a 'java/lang/ArrayIndexOutOfBoundsException'> (0x00000000d5e93200) thrown at [C:\jenkins\workspace\zulu8-silver-build-win64\zulu-src\hotspot\src\share\vm\runtime\sharedRuntime.cpp, line 605]
Event: 7.647 Thread 0x0000000019862000 Exception <a 'java/lang/ArrayIndexOutOfBoundsException'> (0x00000000d5ea1160) thrown at [C:\jenkins\workspace\zulu8-silver-build-win64\zulu-src\hotspot\src\share\vm\runtime\sharedRuntime.cpp, line 605]

Events (10 events):
Event: 7.670 loading class org/springframework/boot/autoconfigure/web/ResourceProperties$Cache$Cachecontrol
Event: 7.670 loading class org/springframework/boot/autoconfigure/web/ResourceProperties$Cache$Cachecontrol done
Event: 7.670 loading class org/springframework/http/CacheControl
Event: 7.670 loading class org/springframework/http/CacheControl done
Event: 7.670 loading class org/springframework/http/CacheControl
Event: 7.670 loading class org/springframework/http/CacheControl done
Event: 7.676 loading class org/joda/time/LocalDate
Event: 7.676 loading class org/joda/time/LocalDate done
Event: 7.676 loading class org/joda/time$LocalDate
Event: 7.676 loading class org/joda/time$LocalDate done


Dynamic libraries:
0x00007ff6d02a0000 - 0x00007ff6d02d5000 	C:\Users\Максим158\.sdkman\candidates\java\current\bin\java.exe
0x00007ff97c4b0000 - 0x00007ff97c69d000 	C:\Windows\SYSTEM32\ntdll.dll
0x00007ff97c2e0000 - 0x00007ff97c393000 	C:\Windows\System32\KERNEL32.DLL
0x00007ff979120000 - 0x00007ff9793b3000 	C:\Windows\System32\KERNELBASE.dll
0x00007ff97c1b0000 - 0x00007ff97c253000 	C:\Windows\System32\ADVAPI32.dll
0x00007ff97c090000 - 0x00007ff97c12e000 	C:\Windows\System32\msvcrt.dll
0x00007ff979950000 - 0x00007ff9799ee000 	C:\Windows\System32\sechost.dll
0x00007ff979ee0000 - 0x00007ff97a002000 	C:\Windows\System32\RPCRT4.dll
0x00007ff9796e0000 - 0x00007ff979877000 	C:\Windows\System32\USER32.dll
0x00007ff978640000 - 0x00007ff978660000 	C:\Windows\System32\win32u.dll
0x00007ff979ab0000 - 0x00007ff979ad9000 	C:\Windows\System32\GDI32.dll
0x00007ff979440000 - 0x00007ff9795da000 	C:\Windows\System32\gdi32full.dll
0x00007ff9785a0000 - 0x00007ff978640000 	C:\Windows\System32\msvcp_win.dll
0x00007ff978840000 - 0x00007ff97893a000 	C:\Windows\System32\ucrtbase.dll
0x00007ff96c8a0000 - 0x00007ff96cb19000 	C:\Windows\WinSxS\amd64_microsoft.windows.common-controls_6595b64144ccf1df_6.0.17763.557_none_05b63f68071e5b9f\COMCTL32.dll
0x00007ff979b50000 - 0x00007ff979e7c000 	C:\Windows\System32\combase.dll
0x00007ff9793c0000 - 0x00007ff97943e000 	C:\Windows\System32\bcryptPrimitives.dll
0x00007ff97c3a0000 - 0x00007ff97c3ce000 	C:\Windows\System32\IMM32.DLL
0x0000000060e60000 - 0x0000000060f32000 	C:\Users\Максим158\.sdkman\candidates\java\current\jre\bin\msvcr100.dll
0x000000005f160000 - 0x000000005fa0e000 	C:\Users\Максим158\.sdkman\candidates\java\current\jre\bin\server\jvm.dll
0x00007ff979ae0000 - 0x00007ff979ae8000 	C:\Windows\System32\PSAPI.DLL
0x00007ff9758e0000 - 0x00007ff975904000 	C:\Windows\SYSTEM32\WINMM.dll
0x00007ff966f40000 - 0x00007ff966f49000 	C:\Windows\SYSTEM32\WSOCK32.dll
0x00007ff9798e0000 - 0x00007ff97994d000 	C:\Windows\System32\WS2_32.dll
0x00007ff9737a0000 - 0x00007ff9737aa000 	C:\Windows\SYSTEM32\VERSION.dll
0x00007ff9758b0000 - 0x00007ff9758dd000 	C:\Windows\SYSTEM32\WINMMBASE.dll
0x00007ff979690000 - 0x00007ff9796da000 	C:\Windows\System32\cfgmgr32.dll
0x00007ff974830000 - 0x00007ff97483f000 	C:\Users\Максим158\.sdkman\candidates\java\current\jre\bin\verify.dll
0x00007ff96d7d0000 - 0x00007ff96d7f9000 	C:\Users\Максим158\.sdkman\candidates\java\current\jre\bin\java.dll
0x00007ff9699b0000 - 0x00007ff9699d3000 	C:\Users\Максим158\.sdkman\candidates\java\current\jre\bin\instrument.dll
0x00007ff96a540000 - 0x00007ff96a556000 	C:\Users\Максим158\.sdkman\candidates\java\current\jre\bin\zip.dll
0x00007ff97ab40000 - 0x00007ff97c030000 	C:\Windows\System32\SHELL32.dll
0x00007ff979a00000 - 0x00007ff979aa8000 	C:\Windows\System32\shcore.dll
0x00007ff978940000 - 0x00007ff97908a000 	C:\Windows\System32\windows.storage.dll
0x00007ff978530000 - 0x00007ff978554000 	C:\Windows\System32\profapi.dll
0x00007ff9784d0000 - 0x00007ff97852d000 	C:\Windows\System32\powrprof.dll
0x00007ff979e80000 - 0x00007ff979ed2000 	C:\Windows\System32\shlwapi.dll
0x00007ff9784b0000 - 0x00007ff9784c1000 	C:\Windows\System32\kernel.appcore.dll
0x00007ff978580000 - 0x00007ff978597000 	C:\Windows\System32\cryptsp.dll
0x00007ff9672c0000 - 0x00007ff9672da000 	C:\Program Files\JetBrains\IntelliJ IDEA 2018.3.3\bin\breakgen64.dll
0x00007ff9672a0000 - 0x00007ff9672ba000 	C:\Users\Максим158\.sdkman\candidates\java\current\jre\bin\net.dll
0x00007ff967b50000 - 0x00007ff967d27000 	C:\Windows\SYSTEM32\urlmon.dll
0x00007ff967380000 - 0x00007ff967628000 	C:\Windows\SYSTEM32\iertutil.dll
0x00007ff977ea0000 - 0x00007ff977eac000 	C:\Windows\SYSTEM32\CRYPTBASE.DLL
0x00007ff977cd0000 - 0x00007ff977d37000 	C:\Windows\system32\mswsock.dll
0x00007ff966a60000 - 0x00007ff966a6d000 	C:\Users\Максим158\.sdkman\candidates\java\current\jre\bin\management.dll
0x00007ff966a40000 - 0x00007ff966a51000 	C:\Users\Максим158\.sdkman\candidates\java\current\jre\bin\nio.dll
0x00007ff9665b0000 - 0x00007ff9665c6000 	C:\Windows\system32\napinsp.dll
0x00007ff966590000 - 0x00007ff9665aa000 	C:\Windows\system32\pnrpnsp.dll
0x00007ff977a70000 - 0x00007ff977b36000 	C:\Windows\SYSTEM32\DNSAPI.dll
0x00007ff9799f0000 - 0x00007ff9799f8000 	C:\Windows\System32\NSI.dll
0x00007ff977a30000 - 0x00007ff977a6d000 	C:\Windows\SYSTEM32\IPHLPAPI.DLL
0x00007ff968640000 - 0x00007ff96864e000 	C:\Windows\System32\winrnr.dll
0x00007ff974730000 - 0x00007ff97474b000 	C:\Windows\system32\NLAapi.dll
0x00007ff970d40000 - 0x00007ff970d55000 	C:\Windows\system32\wshbth.dll
0x00007ff96c640000 - 0x00007ff96c64a000 	C:\Windows\System32\rasadhlp.dll
0x00007ff96d410000 - 0x00007ff96d489000 	C:\Windows\System32\fwpuclnt.dll
0x00007ff979090000 - 0x00007ff9790b6000 	C:\Windows\System32\bcrypt.dll
0x00007ff977890000 - 0x00007ff9778c3000 	C:\Windows\system32\rsaenh.dll
0x00007ff9783b0000 - 0x00007ff9783d8000 	C:\Windows\SYSTEM32\USERENV.dll
0x00007ff96ce60000 - 0x00007ff96ce76000 	C:\Windows\SYSTEM32\dhcpcsvc6.DLL
0x00007ff96ce40000 - 0x00007ff96ce5c000 	C:\Windows\SYSTEM32\dhcpcsvc.DLL
0x00007ff963e90000 - 0x00007ff963eb4000 	C:\Users\Максим158\.sdkman\candidates\java\current\jre\bin\sunec.dll
0x00007ff966920000 - 0x00007ff96692b000 	C:\Users\Максим158\.sdkman\candidates\java\current\jre\bin\sunmscapi.dll
0x00007ff978660000 - 0x00007ff97883b000 	C:\Windows\System32\CRYPT32.dll
0x00007ff978560000 - 0x00007ff978572000 	C:\Windows\System32\MSASN1.dll

VM Arguments:
jvm_args: -XX:TieredStopAtLevel=1 -Xverify:none -Dspring.output.ansi.enabled=always -Dcom.sun.management.jmxremote -Dcom.sun.management.jmxremote.port=59584 -Dcom.sun.management.jmxremote.authenticate=false -Dcom.sun.management.jmxremote.ssl=false -Djava.rmi.server.hostname=localhost -Dspring.liveBeansView.mbeanDomain -Dspring.application.admin.enabled=true -javaagent:C:\Program Files\JetBrains\IntelliJ IDEA 2018.3.3\lib\idea_rt.jar=59585:C:\Program Files\JetBrains\IntelliJ IDEA 2018.3.3\bin -Dfile.encoding=UTF-8 
java_command: com.maksym.dodoplan.Application
java_class_path (initial): C:\Users\Максим158\.sdkman\candidates\java\current\jre\lib\charsets.jar;C:\Users\Максим158\.sdkman\candidates\java\current\jre\lib\ext\access-bridge-64.jar;C:\Users\Максим158\.sdkman\candidates\java\current\jre\lib\ext\cldrdata.jar;C:\Users\Максим158\.sdkman\candidates\java\current\jre\lib\ext\dnsns.jar;C:\Users\Максим158\.sdkman\candidates\java\current\jre\lib\ext\jaccess.jar;C:\Users\Максим158\.sdkman\candidates\java\current\jre\lib\ext\localedata.jar;C:\Users\Максим158\.sdkman\candidates\java\current\jre\lib\ext\nashorn.jar;C:\Users\Максим158\.sdkman\candidates\java\current\jre\lib\ext\sunec.jar;C:\Users\Максим158\.sdkman\candidates\java\current\jre\lib\ext\sunjce_provider.jar;C:\Users\Максим158\.sdkman\candidates\java\current\jre\lib\ext\sunmscapi.jar;C:\Users\Максим158\.sdkman\candidates\java\current\jre\lib\ext\sunpkcs11.jar;C:\Users\Максим158\.sdkman\candidates\java\current\jre\lib\ext\zipfs.jar;C:\Users\Максим158\.sdkman\candidates\java\current\jre\lib\jce.jar;C:\Users\Максим158\.sdkman\candidates\java\current\jre\lib\jfr.jar;C:\Users\Максим158\.sdkman\candidates\java\current\jre\lib\jsse.jar;C:\Users\Максим158\.sdkman\candidates\java\current\jre\lib\management-agent.jar;C:\Users\Максим158\.sdkman\candidates\java\current\jre\lib\resources.jar;C:\Users\Максим158\.sdkman\candidates\java\current\jre\lib\rt.jar;C:\Users\Максим158\Desktop\dodoplan-1\target\classes;C:\Users\Максим158\.m2\repository\org\springframework\boot\spring-boot-starter-web\2.1.6.RELEASE\spring-boot-starter-web-2.1.6.RELEASE.jar;C:\Users\Максим158\.m2\repository\org\springframework\boot\spring-boot-starter\2.1.6.RELEASE\spring-boot-starter-2.1.6.RELEASE.jar;C:\Users\Максим158\.m2\repository\org\springframework\boot\spring-boot-starter-logging\2.1.6.RELEASE\spring-boot-starter-logging-2.1.6.RELEASE.jar;C:\Users\Максим158\.m2\repository\ch\qos\logback\logback-classic\1.2.3\logback-classic-1.2.3.jar;C:\Users\Максим158\.m2\repository\ch\qos\logback\logback-core\1.2.3
Launcher Type: SUN_STANDARD

Environment Variables:
JAVA_HOME=C:\Program Files\Java\jdk1.8.0_161
PATH=C:\Program Files (x86)\Common Files\Oracle\Java\javapath;C:\Windows\system32;C:\Windows;C:\Windows\System32\Wbem;C:\Windows\System32\WindowsPowerShell\v1.0\;C:\Windows\System32\OpenSSH\;%JAVA_HOME%\bin;C:\Drive158\Maven\apache-maven-3.5.4\bin;C:\Program Files\nodejs\;C:\Program Files\Git\cmd;C:\Program Files\Git\mingw64\bin;C:\Program Files\Git\usr\bin;C:\Users\Максим158\AppData\Local\Microsoft\WindowsApps;;C:\Program Files\JetBrains\IntelliJ IDEA 2018.3.3\bin;;C:\Users\Максим158\AppData\Roaming\npm
USERNAME=Максим158
OS=Windows_NT
PROCESSOR_IDENTIFIER=Intel64 Family 6 Model 58 Stepping 9, GenuineIntel



---------------  S Y S T E M  ---------------

OS: Windows 10.0 , 64 bit Build 17763 (10.0.17763.475)

CPU:total 4 (initial active 4) (2 cores per cpu, 2 threads per core) family 6 model 58 stepping 9, cmov, cx8, fxsr, mmx, sse, sse2, sse3, ssse3, sse4.1, sse4.2, popcnt, avx, aes, clmul, erms, ht, tsc, tscinvbit, tscinv

Memory: 4k page, physical 8318428k(2625684k free), swap 9137628k(4028k free)

vm_info: OpenJDK 64-Bit Server VM (25.212-b04) for windows-amd64 JRE (Zulu 8.38.0.13-CA-win64) (1.8.0_212-b04), built on Apr 12 2019 00:48:48 by "tester" with MS VC++ 10.0 (VS2010)

time: Fri Jul 05 18:11:44 2019
timezone: Финляндия (лето)
elapsed time: 7 seconds (0d 0h 0m 7s)

