JvmtiExport can_access_local_variables 0
JvmtiExport can_hotswap_or_post_breakpoint 0
JvmtiExport can_post_on_exceptions 0
# 327 ciObject found
ciMethod java/lang/Object <init> ()V 4097 1 11779 0 -1
ciMethod java/lang/Object getClass ()Ljava/lang/Class; 2049 1 256 0 -1
ciMethod java/lang/Object hashCode ()I 3073 1 384 0 -1
ciMethod java/lang/Object clone ()Ljava/lang/Object; 3073 1 384 0 -1
ciMethod java/lang/Object toString ()Ljava/lang/String; 873 1 109 0 -1
ciMethod java/lang/CharSequence toString ()Ljava/lang/String; 0 0 1 0 -1
ciMethod java/lang/String <init> ([CII)V 4097 1 4353 0 -1
ciMethod java/lang/String equals (Ljava/lang/Object;)Z 4097 20745 2003 0 -1
ciMethod java/lang/String indexOf (Ljava/lang/String;)I 2049 1 256 0 -1
ciMethod java/lang/String indexOf (Ljava/lang/String;I)I 3081 1 385 0 -1
ciMethod java/lang/String contains (Ljava/lang/CharSequence;)Z 3081 1 385 0 -1
ciMethod java/lang/String toString ()Ljava/lang/String; 2433 1 304 0 -1
ciMethod java/lang/String valueOf (Ljava/lang/Object;)Ljava/lang/String; 3105 1 388 0 -1
ciMethod java/lang/Class getName ()Ljava/lang/String; 2113 1 264 0 -1
ciMethod java/lang/Class getName0 ()Ljava/lang/String; 2089 1 261 0 -1
ciMethod java/lang/Class getSuperclass ()Ljava/lang/Class; 2049 1 256 0 -1
ciMethod java/lang/Class getSimpleName ()Ljava/lang/String; 2049 1 256 0 -1
ciMethod java/util/Map size ()I 0 0 1 0 -1
ciMethod java/util/Map isEmpty ()Z 0 0 1 0 -1
ciMethod java/util/Map containsKey (Ljava/lang/Object;)Z 0 0 1 0 -1
ciMethod java/util/Map values ()Ljava/util/Collection; 0 0 1 0 -1
ciMethod java/lang/reflect/Method getModifiers ()I 2033 1 254 0 -1
ciMethod java/lang/reflect/Method getReturnType ()Ljava/lang/Class; 1321 1 165 0 -1
ciMethod java/lang/reflect/Method getParameterTypes ()[Ljava/lang/Class; 2057 1 257 0 -1
ciMethod java/lang/reflect/Method getParameterCount ()I 2073 1 259 0 -1
ciMethod java/lang/reflect/Method toString ()Ljava/lang/String; 2473 1 309 0 -1
ciMethod java/lang/reflect/Method isDefault ()Z 2089 1 261 0 -1
ciMethod java/lang/reflect/Executable sharedToString (IZ[Ljava/lang/Class;[Ljava/lang/Class;)Ljava/lang/String; 3369 1 421 0 -1
ciMethod java/lang/AbstractStringBuilder <init> (I)V 4097 1 1156 0 -1
ciMethod java/lang/AbstractStringBuilder append (Ljava/lang/String;)Ljava/lang/AbstractStringBuilder; 4097 1 1798 0 -1
ciMethod java/lang/StringBuilder <init> ()V 4097 1 515 0 -1
ciMethod java/lang/StringBuilder append (Ljava/lang/Object;)Ljava/lang/StringBuilder; 2321 1 290 0 -1
ciMethod java/lang/StringBuilder append (Ljava/lang/String;)Ljava/lang/StringBuilder; 4097 1 1412 0 -1
ciMethod java/lang/StringBuilder toString ()Ljava/lang/String; 4097 1 789 0 -1
ciMethod java/lang/NullPointerException <init> ()V 297 1 37 0 -1
ciMethod java/util/List size ()I 0 0 1 0 -1
ciMethod java/util/List isEmpty ()Z 0 0 1 0 -1
ciMethod java/util/List toArray ([Ljava/lang/Object;)[Ljava/lang/Object; 0 0 1 0 -1
ciMethod java/util/List add (Ljava/lang/Object;)Z 0 0 1 0 -1
ciMethod java/util/List get (I)Ljava/lang/Object; 0 0 1 0 -1
ciMethod java/util/AbstractList <init> ()V 3321 1 415 0 -1
ciMethod java/util/AbstractList listIterator ()Ljava/util/ListIterator; 3201 1 400 0 -1
ciMethod java/util/AbstractList listIterator (I)Ljava/util/ListIterator; 2249 1 281 0 -1
ciMethod java/util/AbstractCollection <init> ()V 2065 1 258 0 -1
ciMethod java/util/AbstractCollection addAll (Ljava/util/Collection;)Z 2193 9161 274 0 -1
ciMethod java/util/ArrayList <init> (I)V 3177 1 397 0 -1
ciMethod java/util/ArrayList <init> ()V 2065 1 258 0 -1
ciMethod java/util/ArrayList calculateCapacity ([Ljava/lang/Object;I)I 3089 1 386 0 -1
ciMethod java/util/ArrayList ensureCapacityInternal (I)V 3089 1 386 0 -1
ciMethod java/util/ArrayList ensureExplicitCapacity (I)V 3089 1 386 0 -1
ciMethod java/util/ArrayList grow (I)V 2049 1 256 0 -1
ciMethod java/util/ArrayList size ()I 5409 1 676 0 -1
ciMethod java/util/ArrayList toArray ([Ljava/lang/Object;)[Ljava/lang/Object; 2113 1 264 0 -1
ciMethod java/util/ArrayList elementData (I)Ljava/lang/Object; 4097 1 519 0 -1
ciMethod java/util/ArrayList get (I)Ljava/lang/Object; 4097 1 518 0 -1
ciMethod java/util/ArrayList add (Ljava/lang/Object;)Z 3089 1 386 0 -1
ciMethod java/util/ArrayList rangeCheck (I)V 4097 1 665 0 -1
ciMethod java/util/ArrayList outOfBoundsMsg (I)Ljava/lang/String; 0 0 1 0 -1
ciMethod java/util/Collections unmodifiableCollection (Ljava/util/Collection;)Ljava/util/Collection; 2457 1 307 0 -1
ciMethod java/util/Collections unmodifiableList (Ljava/util/List;)Ljava/util/List; 3105 1 388 0 -1
ciMethod java/util/Collections unmodifiableMap (Ljava/util/Map;)Ljava/util/Map; 1689 1 211 0 -1
ciMethod java/util/Set iterator ()Ljava/util/Iterator; 0 0 1 0 -1
ciMethod java/util/Set add (Ljava/lang/Object;)Z 0 0 1 0 -1
ciMethod java/util/Set addAll (Ljava/util/Collection;)Z 0 0 1 0 -1
ciMethod java/util/AbstractSet <init> ()V 2057 1 257 0 -1
ciMethod java/util/AbstractMap <init> ()V 2049 1 256 0 -1
ciMethod java/util/Collections$UnmodifiableRandomAccessList <init> (Ljava/util/List;)V 3089 1 386 0 -1
ciMethod java/util/Collections$UnmodifiableList <init> (Ljava/util/List;)V 3073 1 384 0 -1
ciMethod java/util/Collections$UnmodifiableCollection <init> (Ljava/util/Collection;)V 2073 1 259 0 -1
ciMethod java/util/HashMap hash (Ljava/lang/Object;)I 4097 1 1283 0 -1
ciMethod java/util/HashMap <init> (IF)V 2065 1 258 0 -1
ciMethod java/util/HashMap <init> ()V 2049 1 256 0 -1
ciMethod java/util/HashMap put (Ljava/lang/Object;Ljava/lang/Object;)Ljava/lang/Object; 4097 1 519 0 -1
ciMethod java/util/HashMap putVal (ILjava/lang/Object;Ljava/lang/Object;ZZ)Ljava/lang/Object; 4097 289 525 0 -1
ciMethod java/util/HashMap keySet ()Ljava/util/Set; 2049 1 256 0 -1
ciMethod java/lang/Math max (II)I 4097 1 22400 0 -1
ciMethod java/lang/reflect/Modifier isStatic (I)Z 2121 1 265 0 -1
ciMethod java/lang/reflect/Modifier methodModifiers ()I 1057 1 132 0 -1
ciMethod java/util/Arrays sort ([Ljava/lang/Object;Ljava/util/Comparator;)V 1641 1 205 0 -1
ciMethod java/util/Arrays equals ([Ljava/lang/Object;[Ljava/lang/Object;)Z 2065 4089 258 0 -1
ciMethod java/util/Iterator hasNext ()Z 0 0 1 0 -1
ciMethod java/util/Iterator next ()Ljava/lang/Object; 0 0 1 0 -1
ciMethod java/util/LinkedHashMap <init> (IF)V 3073 1 384 0 -1
ciMethod java/util/LinkedHashMap <init> ()V 2049 1 256 0 -1
ciMethod java/util/HashSet <init> (IFZ)V 3073 1 384 0 -1
ciMethod java/util/HashSet iterator ()Ljava/util/Iterator; 2049 1 256 0 -1
ciMethod java/util/HashSet add (Ljava/lang/Object;)Z 3081 1 385 0 -1
ciMethod java/util/LinkedList <init> ()V 3081 1 385 0 -1
ciMethod java/util/LinkedList linkLast (Ljava/lang/Object;)V 2193 1 274 0 -1
ciMethod java/util/LinkedList unlinkLast (Ljava/util/LinkedList$Node;)Ljava/lang/Object; 0 0 1 0 -1
ciMethod java/util/LinkedList removeLast ()Ljava/lang/Object; 0 0 1 0 -1
ciMethod java/util/LinkedList add (Ljava/lang/Object;)Z 2153 1 269 0 -1
ciMethod java/util/AbstractSequentialList <init> ()V 3001 1 375 0 -1
ciMethod java/util/AbstractSequentialList iterator ()Ljava/util/Iterator; 2049 1 256 0 -1
ciMethod java/lang/IndexOutOfBoundsException <init> (Ljava/lang/String;)V 2041 1 255 0 -1
ciMethod java/util/Collections$UnmodifiableMap <init> (Ljava/util/Map;)V 1689 1 211 0 -1
ciMethod java/util/Collections$UnmodifiableMap values ()Ljava/util/Collection; 305 1 38 0 -1
ciMethod java/lang/IllegalStateException <init> (Ljava/lang/String;)V 9 1 1 0 -1
ciMethod java/util/LinkedHashSet <init> (I)V 3073 1 384 0 -1
ciMethod java/util/LinkedHashSet <init> ()V 3081 1 385 0 -1
ciMethod org/apache/commons/logging/Log isTraceEnabled ()Z 0 0 1 0 -1
ciMethod org/apache/commons/logging/Log trace (Ljava/lang/Object;)V 0 0 1 0 -1
ciMethod org/springframework/util/Assert state (ZLjava/lang/String;)V 3073 1 384 0 -1
ciMethod org/springframework/util/ClassUtils getUserClass (Ljava/lang/Class;)Ljava/lang/Class; 3177 1 397 0 -1
ciMethod org/springframework/util/ClassUtils getShortName (Ljava/lang/String;)Ljava/lang/String; 2049 1 256 0 -1
ciMethod org/springframework/beans/CachedIntrospectionResults getBeanClass ()Ljava/lang/Class; 0 0 1 0 -1
ciMethod org/springframework/core/io/Resource getDescription ()Ljava/lang/String; 0 0 1 0 -1
ciMethod org/springframework/util/StringUtils collectionToDelimitedString (Ljava/util/Collection;Ljava/lang/String;Ljava/lang/String;Ljava/lang/String;)Ljava/lang/String; 2673 17689 334 0 -1
ciMethod org/springframework/util/StringUtils collectionToDelimitedString (Ljava/util/Collection;Ljava/lang/String;)Ljava/lang/String; 2057 1 257 0 -1
ciMethod org/springframework/util/StringUtils collectionToCommaDelimitedString (Ljava/util/Collection;)Ljava/lang/String; 833 1 104 0 -1
ciMethod org/springframework/beans/PropertyEditorRegistrySupport setConversionService (Lorg/springframework/core/convert/ConversionService;)V 2049 1 256 0 -1
ciMethod org/springframework/beans/TypeConverterDelegate <init> (Lorg/springframework/beans/PropertyEditorRegistrySupport;Ljava/lang/Object;)V 2049 1 256 0 -1
ciMethod org/springframework/beans/factory/support/AbstractAutowireCapableBeanFactory getParameterNameDiscoverer ()Lorg/springframework/core/ParameterNameDiscoverer; 1025 1 128 0 -1
ciMethod org/springframework/beans/factory/support/AbstractBeanFactory getBean (Ljava/lang/String;)Ljava/lang/Object; 2049 1 256 0 -1
ciMethod org/springframework/beans/factory/support/AbstractBeanFactory doGetBean (Ljava/lang/String;Ljava/lang/Class;[Ljava/lang/Object;Z)Ljava/lang/Object; 2097 1 262 0 -1
ciMethod org/springframework/beans/factory/support/AbstractBeanFactory getConversionService ()Lorg/springframework/core/convert/ConversionService; 1025 1 128 0 -1
ciMethod org/springframework/beans/factory/support/AbstractBeanFactory initBeanWrapper (Lorg/springframework/beans/BeanWrapper;)V 2761 1 340 0 -1
ciMethod org/springframework/beans/factory/support/AbstractBeanFactory registerCustomEditors (Lorg/springframework/beans/PropertyEditorRegistry;)V 2049 2049 256 0 -1
ciMethod org/springframework/beans/factory/support/DefaultSingletonBeanRegistry onSuppressedException (Ljava/lang/Exception;)V 0 0 1 0 -1
ciMethod org/springframework/beans/factory/support/DefaultSingletonBeanRegistry containsSingleton (Ljava/lang/String;)Z 2057 1 257 0 -1
ciMethod org/springframework/core/ParameterNameDiscoverer getParameterNames (Ljava/lang/reflect/Method;)[Ljava/lang/String; 0 0 1 0 -1
ciMethod org/springframework/beans/factory/support/RootBeanDefinition isFactoryMethod (Ljava/lang/reflect/Method;)Z 2073 1 259 0 -1
ciMethod org/springframework/beans/factory/support/AbstractBeanDefinition getBeanClass ()Ljava/lang/Class; 3753 1 469 0 -1
ciMethod org/springframework/beans/factory/support/AbstractBeanDefinition hasBeanClass ()Z 2057 1 257 0 -1
ciMethod org/springframework/beans/factory/support/AbstractBeanDefinition isSingleton ()Z 2401 1 300 0 -1
ciMethod org/springframework/beans/factory/support/AbstractBeanDefinition getResolvedAutowireMode ()I 2049 1 256 0 -1
ciMethod org/springframework/beans/factory/support/AbstractBeanDefinition isLenientConstructorResolution ()Z 1041 1 130 0 -1
ciMethod org/springframework/beans/factory/support/AbstractBeanDefinition getFactoryBeanName ()Ljava/lang/String; 1025 1 128 0 -1
ciMethod org/springframework/beans/factory/support/AbstractBeanDefinition getFactoryMethodName ()Ljava/lang/String; 1025 1 128 0 -1
ciMethod org/springframework/beans/factory/support/AbstractBeanDefinition getConstructorArgumentValues ()Lorg/springframework/beans/factory/config/ConstructorArgumentValues; 1465 1 183 0 -1
ciMethod org/springframework/beans/factory/support/AbstractBeanDefinition hasConstructorArgumentValues ()Z 2169 1 271 0 -1
ciMethod org/springframework/beans/factory/support/AbstractBeanDefinition getResourceDescription ()Ljava/lang/String; 161 1 20 0 -1
ciMethod org/springframework/beans/BeanWrapper setConversionService (Lorg/springframework/core/convert/ConversionService;)V 0 0 1 0 -1
ciMethod org/springframework/beans/BeanWrapperImpl <init> ()V 1593 1 194 0 -1
ciMethod org/springframework/beans/BeanWrapperImpl <init> (Z)V 1593 1 194 0 -1
ciMethod org/springframework/beans/BeanWrapperImpl setBeanInstance (Ljava/lang/Object;)V 1585 1 196 0 -1
ciMethod org/springframework/beans/BeanWrapperImpl setIntrospectionClass (Ljava/lang/Class;)V 2049 1 256 0 -1
ciMethod org/springframework/beans/AbstractNestablePropertyAccessor <init> (Z)V 1593 1 194 0 -1
ciMethod java/beans/BeanInfo getBeanDescriptor ()Ljava/beans/BeanDescriptor; 0 0 1 0 -1
ciMethod org/springframework/beans/factory/BeanCreationException <init> (Ljava/lang/String;Ljava/lang/String;Ljava/lang/String;)V 161 1 20 0 -1
ciMethod org/springframework/beans/factory/support/ConstructorResolver getCandidateMethods (Ljava/lang/Class;Lorg/springframework/beans/factory/support/RootBeanDefinition;)[Ljava/lang/reflect/Method; 913 1 110 0 -1
ciMethod org/springframework/beans/factory/support/ConstructorResolver instantiateUsingFactoryMethod (Ljava/lang/String;Lorg/springframework/beans/factory/support/RootBeanDefinition;[Ljava/lang/Object;)Lorg/springframework/beans/BeanWrapper; 913 28673 109 0 -1
ciMethod org/springframework/beans/factory/support/ConstructorResolver instantiate (Ljava/lang/String;Lorg/springframework/beans/factory/support/RootBeanDefinition;Ljava/lang/Object;Ljava/lang/reflect/Method;[Ljava/lang/Object;)Ljava/lang/Object; 913 1 111 0 -1
ciMethod org/springframework/beans/factory/support/ConstructorResolver resolveConstructorArguments (Ljava/lang/String;Lorg/springframework/beans/factory/support/RootBeanDefinition;Lorg/springframework/beans/BeanWrapper;Lorg/springframework/beans/factory/config/ConstructorArgumentValues;Lorg/springframework/beans/factory/config/ConstructorArgumentValues;)I 721 193 90 0 -1
ciMethod org/springframework/beans/factory/support/ConstructorResolver createArgumentArray (Ljava/lang/String;Lorg/springframework/beans/factory/support/RootBeanDefinition;Lorg/springframework/beans/factory/config/ConstructorArgumentValues;Lorg/springframework/beans/BeanWrapper;[Ljava/lang/Class;[Ljava/lang/String;Ljava/lang/reflect/Executable;ZZ)Lorg/springframework/beans/factory/support/ConstructorResolver$ArgumentsHolder; 1225 3153 153 20 -1
ciMethod org/springframework/beans/factory/support/ConstructorResolver resolvePreparedArguments (Ljava/lang/String;Lorg/springframework/beans/factory/support/RootBeanDefinition;Lorg/springframework/beans/BeanWrapper;Ljava/lang/reflect/Executable;[Ljava/lang/Object;Z)[Ljava/lang/Object; 0 0 1 0 -1
ciMethod org/springframework/beans/factory/support/AutowireUtils sortFactoryMethods ([Ljava/lang/reflect/Method;)V 345 1 43 0 -1
ciMethod org/springframework/beans/factory/support/ConstructorResolver$ArgumentsHolder <init> ([Ljava/lang/Object;)V 0 0 1 0 -1
ciMethod org/springframework/beans/factory/support/ConstructorResolver$ArgumentsHolder getTypeDifferenceWeight ([Ljava/lang/Class;)I 721 1 90 0 -1
ciMethod org/springframework/beans/factory/support/ConstructorResolver$ArgumentsHolder getAssignabilityWeight ([Ljava/lang/Class;)I 345 689 43 0 -1
ciMethod org/springframework/beans/factory/support/ConstructorResolver$ArgumentsHolder storeCache (Lorg/springframework/beans/factory/support/RootBeanDefinition;Ljava/lang/reflect/Executable;)V 1025 1 128 0 -1
ciMethod org/springframework/util/MethodInvoker getTypeDifferenceWeight ([Ljava/lang/Class;[Ljava/lang/Object;)I 1441 5937 180 0 -1
ciMethod org/springframework/beans/factory/config/ConstructorArgumentValues <init> ()V 1457 1 182 0 -1
ciMethod org/springframework/beans/factory/config/ConstructorArgumentValues getIndexedArgumentValues ()Ljava/util/Map; 905 1 113 0 -1
ciMethod org/springframework/beans/factory/config/ConstructorArgumentValues getGenericArgumentValues ()Ljava/util/List; 905 1 113 0 -1
ciMethod org/springframework/beans/factory/config/ConstructorArgumentValues getArgumentCount ()I 1881 1 235 0 -1
ciMethod org/springframework/beans/factory/config/ConstructorArgumentValues isEmpty ()Z 17 1 2 0 -1
ciMethod org/springframework/beans/factory/config/ConstructorArgumentValues$ValueHolder getValue ()Ljava/lang/Object; 1049 1 131 0 -1
ciMethod org/springframework/beans/factory/config/ConstructorArgumentValues$ValueHolder getType ()Ljava/lang/String; 585 1 73 0 -1
instanceKlass org/springframework/web/servlet/view/ViewResolverComposite
instanceKlass org/springframework/web/servlet/handler/HandlerExceptionResolverComposite
instanceKlass org/springframework/boot/autoconfigure/web/ResourceProperties$Cache$Cachecontrol$$Lambda$730
instanceKlass org/springframework/boot/autoconfigure/web/ResourceProperties$Cache$Cachecontrol$$Lambda$729
instanceKlass org/springframework/boot/autoconfigure/web/ResourceProperties$Cache$Cachecontrol$$Lambda$728
instanceKlass org/springframework/boot/autoconfigure/web/ResourceProperties$Cache$Cachecontrol$$Lambda$727
instanceKlass org/springframework/boot/autoconfigure/web/ResourceProperties$Cache$Cachecontrol$$Lambda$726
instanceKlass org/springframework/boot/autoconfigure/web/ResourceProperties$Cache$Cachecontrol$$Lambda$725
instanceKlass org/springframework/boot/autoconfigure/web/ResourceProperties$Cache$Cachecontrol$$Lambda$724
instanceKlass org/springframework/boot/autoconfigure/web/ResourceProperties$Cache$Cachecontrol$$Lambda$723
instanceKlass org/springframework/boot/autoconfigure/web/ResourceProperties$Cache$Cachecontrol$$Lambda$722
instanceKlass org/springframework/boot/autoconfigure/web/ResourceProperties$Cache$Cachecontrol$$Lambda$721
instanceKlass org/springframework/boot/autoconfigure/web/ResourceProperties$Cache$Cachecontrol$$Lambda$720
instanceKlass org/springframework/boot/autoconfigure/web/ResourceProperties$Cache$Cachecontrol$$Lambda$719
instanceKlass org/springframework/boot/autoconfigure/web/ResourceProperties$Cache$Cachecontrol$$Lambda$718
instanceKlass org/springframework/boot/autoconfigure/web/ResourceProperties$Cache$Cachecontrol$$Lambda$717
instanceKlass org/springframework/boot/autoconfigure/web/ResourceProperties$Cache$Cachecontrol$$Lambda$716
instanceKlass org/springframework/boot/context/properties/PropertyMapper$Source$$Lambda$715
instanceKlass org/springframework/boot/autoconfigure/web/ResourceProperties$Cache$Cachecontrol$$Lambda$714
instanceKlass org/springframework/web/servlet/mvc/method/annotation/ViewNameMethodReturnValueHandler
instanceKlass org/springframework/web/servlet/mvc/method/annotation/AsyncTaskMethodReturnValueHandler
instanceKlass org/springframework/web/servlet/mvc/method/annotation/DeferredResultMethodReturnValueHandler
instanceKlass org/springframework/web/servlet/mvc/method/annotation/CallableMethodReturnValueHandler
instanceKlass org/springframework/web/servlet/mvc/method/annotation/HttpHeadersReturnValueHandler
instanceKlass org/springframework/web/servlet/mvc/method/annotation/StreamingResponseBodyReturnValueHandler
instanceKlass org/springframework/core/task/SyncTaskExecutor
instanceKlass org/springframework/web/servlet/mvc/method/annotation/ReactiveTypeHandler
instanceKlass org/springframework/web/servlet/mvc/method/annotation/ResponseBodyEmitterReturnValueHandler
instanceKlass org/springframework/web/servlet/mvc/method/annotation/ViewMethodReturnValueHandler
instanceKlass org/springframework/web/servlet/mvc/method/annotation/ModelAndViewMethodReturnValueHandler
instanceKlass org/springframework/web/servlet/mvc/method/annotation/UriComponentsBuilderMethodArgumentResolver
instanceKlass org/springframework/web/method/annotation/SessionStatusMethodArgumentResolver
instanceKlass org/springframework/web/method/annotation/ErrorsMethodArgumentResolver
instanceKlass org/springframework/web/method/annotation/MapMethodProcessor
instanceKlass org/springframework/web/method/annotation/ModelMethodProcessor
instanceKlass org/springframework/web/servlet/mvc/method/annotation/RedirectAttributesMethodArgumentResolver
instanceKlass org/springframework/web/servlet/mvc/method/annotation/ServletResponseMethodArgumentResolver
instanceKlass org/springframework/web/servlet/mvc/method/annotation/ServletRequestMethodArgumentResolver
instanceKlass org/springframework/web/method/annotation/RequestHeaderMapMethodArgumentResolver
instanceKlass org/springframework/web/servlet/mvc/method/annotation/RequestResponseBodyAdviceChain
instanceKlass org/springframework/core/io/support/ResourceRegion
instanceKlass org/springframework/core/ParameterizedTypeReference
instanceKlass org/springframework/web/servlet/mvc/method/annotation/AbstractMessageConverterMethodArgumentResolver
instanceKlass org/springframework/web/servlet/mvc/method/annotation/MatrixVariableMapMethodArgumentResolver
instanceKlass org/springframework/web/servlet/mvc/method/annotation/PathVariableMapMethodArgumentResolver
instanceKlass org/springframework/web/method/annotation/RequestParamMapMethodArgumentResolver
instanceKlass org/springframework/web/method/annotation/AbstractNamedValueMethodArgumentResolver
instanceKlass org/springframework/web/bind/annotation/ControllerAdvice
instanceKlass org/springframework/web/method/ControllerAdviceBean$$Lambda$713
instanceKlass org/springframework/web/method/ControllerAdviceBean$$Lambda$712
instanceKlass com/google/common/collect/Platform
instanceKlass com/google/common/collect/ImmutableCollection$Builder
instanceKlass com/google/common/collect/AbstractIterator$1
instanceKlass com/google/common/base/Predicates$InstanceOfPredicate
instanceKlass com/google/common/base/Predicates
instanceKlass com/google/common/collect/Iterators$2
instanceKlass com/google/common/collect/UnmodifiableIterator
instanceKlass com/google/common/collect/Iterators
instanceKlass com/google/common/collect/Iterables
instanceKlass org/springframework/web/bind/support/DefaultDataBinderFactory
instanceKlass org/springframework/web/method/annotation/SessionAttributesHandler
instanceKlass org/springframework/web/method/ControllerAdviceBean
instanceKlass org/springframework/web/method/annotation/ModelFactory
instanceKlass org/springframework/web/method/support/HandlerMethodReturnValueHandlerComposite
instanceKlass org/springframework/web/method/support/HandlerMethodArgumentResolverComposite
instanceKlass org/springframework/boot/task/TaskExecutorBuilder$$Lambda$711
instanceKlass org/springframework/boot/task/TaskExecutorBuilder$$Lambda$710
instanceKlass org/springframework/boot/task/TaskExecutorBuilder$$Lambda$709
instanceKlass org/springframework/boot/task/TaskExecutorBuilder$$Lambda$708
instanceKlass org/springframework/boot/task/TaskExecutorBuilder$$Lambda$707
instanceKlass org/springframework/boot/task/TaskExecutorBuilder$$Lambda$706
instanceKlass org/springframework/boot/task/TaskExecutorBuilder$$Lambda$705
instanceKlass org/springframework/boot/task/TaskExecutorBuilder$$Lambda$704
instanceKlass java/lang/invoke/LambdaForm$DMH
instanceKlass org/springframework/web/servlet/mvc/method/annotation/AbstractMappingJacksonResponseBodyAdvice
instanceKlass org/springframework/web/servlet/mvc/method/annotation/ResponseBodyAdvice
instanceKlass org/springframework/web/servlet/mvc/method/annotation/RequestBodyAdviceAdapter
instanceKlass org/springframework/web/servlet/mvc/method/annotation/RequestBodyAdvice
instanceKlass org/springframework/data/web/PageableDefault
instanceKlass org/springframework/data/web/config/SpringDataWebConfiguration$$Lambda$703
instanceKlass org/springframework/data/domain/AbstractPageRequest
instanceKlass org/springframework/web/bind/support/WebDataBinderFactory
instanceKlass org/springframework/web/method/support/ModelAndViewContainer
instanceKlass org/springframework/data/web/config/SpringDataWebConfiguration$$Lambda$702
instanceKlass org/springframework/data/web/SortDefault
instanceKlass org/springframework/data/web/SortDefault$SortDefaults
instanceKlass org/springframework/security/web/method/annotation/CsrfTokenArgumentResolver
instanceKlass org/springframework/security/web/bind/support/AuthenticationPrincipalArgumentResolver
instanceKlass org/springframework/security/web/method/annotation/AuthenticationPrincipalArgumentResolver
instanceKlass org/springframework/boot/autoconfigure/validation/ValidatorAdapter
instanceKlass com/fasterxml/jackson/databind/MappingIterator
instanceKlass com/fasterxml/jackson/databind/jsonFormatVisitors/JsonFormatVisitorWrapper
instanceKlass com/fasterxml/jackson/databind/jsonFormatVisitors/JsonFormatVisitorWithSerializerProvider
instanceKlass com/fasterxml/jackson/databind/jsonschema/JsonSchema
instanceKlass com/fasterxml/jackson/core/JsonParser
instanceKlass com/fasterxml/jackson/annotation/JsonAutoDetect$Value
instanceKlass com/fasterxml/jackson/core/io/CharacterEscapes
instanceKlass com/fasterxml/jackson/databind/ObjectWriter
instanceKlass com/fasterxml/jackson/databind/deser/DeserializationProblemHandler
instanceKlass com/fasterxml/jackson/core/FormatSchema
instanceKlass com/fasterxml/jackson/core/type/TypeReference
instanceKlass com/fasterxml/jackson/databind/InjectableValues
instanceKlass com/fasterxml/jackson/module/paramnames/ParameterExtractor
instanceKlass org/springframework/http/converter/json/Jackson2ObjectMapperBuilder$$Lambda$701
instanceKlass com/fasterxml/jackson/databind/cfg/HandlerInstantiator
instanceKlass com/fasterxml/jackson/databind/ser/FilterProvider
instanceKlass com/fasterxml/jackson/databind/jsontype/TypeResolverBuilder
instanceKlass org/springframework/data/geo/GeoModule$PolygonMixin
instanceKlass org/springframework/data/geo/Polygon
instanceKlass org/springframework/data/geo/GeoModule$CircleMixin
instanceKlass org/springframework/data/geo/Circle
instanceKlass org/springframework/data/geo/GeoModule$BoxMixin
instanceKlass org/springframework/data/geo/Box
instanceKlass org/springframework/data/geo/Shape
instanceKlass org/springframework/data/geo/GeoModule$PointMixin
instanceKlass org/springframework/data/geo/GeoModule$DistanceMixin
instanceKlass org/springframework/boot/jackson/JsonComponent
instanceKlass org/springframework/beans/factory/annotation/InitDestroyAnnotationBeanPostProcessor$LifecycleElement
instanceKlass com/fasterxml/jackson/module/paramnames/PackageVersion
instanceKlass java/util/EnumMap$EnumMapIterator
instanceKlass org/springframework/boot/autoconfigure/jackson/JacksonAutoConfiguration$Jackson2ObjectMapperBuilderCustomizerConfiguration$StandardJackson2ObjectMapperBuilderCustomizer$$Lambda$700
instanceKlass org/springframework/boot/autoconfigure/jackson/JacksonAutoConfiguration$Jackson2ObjectMapperBuilderCustomizerConfiguration$StandardJackson2ObjectMapperBuilderCustomizer$$Lambda$699
instanceKlass org/springframework/http/HttpOutputMessage
instanceKlass org/springframework/boot/autoconfigure/web/servlet/WebMvcAutoConfiguration$WebMvcAutoConfigurationAdapter$$Lambda$698
instanceKlass org/springframework/web/bind/support/DefaultSessionAttributeStore
instanceKlass org/springframework/web/bind/support/SessionAttributeStore
instanceKlass org/springframework/core/ReactiveAdapterRegistry
instanceKlass org/springframework/web/context/request/async/DeferredResultProcessingInterceptor
instanceKlass org/springframework/web/context/request/async/CallableProcessingInterceptor
instanceKlass org/springframework/util/ConcurrencyThrottleSupport
instanceKlass org/springframework/web/servlet/mvc/method/annotation/RequestMappingHandlerAdapter$$Lambda$697
instanceKlass org/springframework/web/servlet/mvc/method/annotation/RequestMappingHandlerAdapter$$Lambda$696
instanceKlass org/springframework/web/servlet/handler/SimpleUrlHandlerMapping$$Lambda$695
instanceKlass org/springframework/web/servlet/resource/DefaultResourceTransformerChain
instanceKlass org/springframework/web/servlet/resource/DefaultResourceResolverChain
instanceKlass org/springframework/web/servlet/resource/AbstractResourceResolver
instanceKlass org/springframework/web/servlet/resource/ResourceResolver
instanceKlass org/springframework/http/CacheControl
instanceKlass org/springframework/web/servlet/resource/ResourceTransformerChain
instanceKlass org/springframework/web/servlet/resource/ResourceResolverChain
instanceKlass org/springframework/boot/autoconfigure/web/servlet/WebMvcAutoConfiguration$WebMvcAutoConfigurationAdapter$FaviconConfiguration$$Lambda$694
instanceKlass org/springframework/boot/autoconfigure/web/servlet/WebMvcAutoConfiguration$WebMvcAutoConfigurationAdapter$FaviconConfiguration$$Lambda$693
instanceKlass org/springframework/validation/beanvalidation/LocalValidatorFactoryBean$$Lambda$692
instanceKlass java/lang/invoke/LambdaForm$DMH
instanceKlass org/springframework/validation/beanvalidation/LocalValidatorFactoryBean$1
instanceKlass org/springframework/validation/beanvalidation/SpringConstraintValidatorFactory
instanceKlass org/springframework/validation/beanvalidation/LocaleContextMessageInterpolator
instanceKlass org/springframework/context/MessageSourceResolvable
instanceKlass javax/validation/ConstraintViolation
instanceKlass javax/validation/ValidatorContext
instanceKlass org/springframework/boot/validation/MessageInterpolatorFactory
instanceKlass org/springframework/boot/task/TaskExecutorBuilder$$Lambda$691
instanceKlass org/springframework/core/task/TaskDecorator
instanceKlass org/springframework/boot/task/TaskExecutorCustomizer
instanceKlass springfox/documentation/spring/web/PropertySourcedRequestMappingHandlerMapping$1
instanceKlass springfox/documentation/spring/web/PropertySourcedMapping
instanceKlass springfox/documentation/spring/web/json/Json
instanceKlass springfox/documentation/swagger2/configuration/Swagger2JacksonModule$PropertyExampleSerializerMixin
instanceKlass io/swagger/models/ExternalDocs
instanceKlass springfox/documentation/swagger2/configuration/Swagger2JacksonModule$ResponseSerializer
instanceKlass io/swagger/models/Response
instanceKlass io/swagger/models/auth/SecuritySchemeDefinition
instanceKlass io/swagger/models/SecurityRequirement
instanceKlass springfox/documentation/swagger2/configuration/Swagger2JacksonModule$CustomizedSwaggerSerializer
instanceKlass com/fasterxml/jackson/databind/deser/ValueInstantiator
instanceKlass com/fasterxml/jackson/databind/jsontype/NamedType
instanceKlass com/fasterxml/jackson/databind/PropertyNamingStrategy
instanceKlass org/springframework/security/access/prepost/PreInvocationAttribute
instanceKlass org/springframework/security/access/intercept/AbstractSecurityInterceptor$$Lambda$690
instanceKlass org/springframework/security/access/intercept/AfterInvocationProviderManager$$Lambda$689
instanceKlass org/springframework/security/access/prepost/PostInvocationAdviceProvider
instanceKlass org/springframework/security/access/AfterInvocationProvider
instanceKlass org/springframework/security/access/expression/method/ExpressionBasedPostInvocationAdvice
instanceKlass org/springframework/security/access/prepost/PostInvocationAuthorizationAdvice
instanceKlass org/springframework/security/access/intercept/AfterInvocationProviderManager
instanceKlass org/springframework/security/access/vote/AuthenticatedVoter
instanceKlass org/springframework/security/access/vote/RoleVoter
instanceKlass org/springframework/security/access/prepost/PreInvocationAuthorizationAdviceVoter
instanceKlass org/springframework/security/access/expression/method/ExpressionBasedPreInvocationAdvice
instanceKlass org/springframework/security/web/servlet/support/csrf/CsrfRequestDataValueProcessor
instanceKlass org/springframework/security/web/access/DefaultWebInvocationPrivilegeEvaluator
instanceKlass org/springframework/security/web/firewall/StrictHttpFirewall
instanceKlass org/springframework/security/web/FilterChainProxy$NullFilterChainValidator
instanceKlass org/springframework/security/web/FilterChainProxy$FilterChainValidator
instanceKlass org/springframework/security/web/DefaultSecurityFilterChain
instanceKlass org/springframework/security/web/SecurityFilterChain
instanceKlass org/springframework/security/access/intercept/InterceptorStatusToken
instanceKlass org/springframework/security/access/intercept/AbstractSecurityInterceptor$$Lambda$688
instanceKlass org/springframework/security/access/intercept/AbstractSecurityInterceptor$$Lambda$687
instanceKlass org/springframework/security/access/intercept/AbstractSecurityInterceptor$$Lambda$686
instanceKlass org/springframework/security/web/access/expression/WebExpressionVoter
instanceKlass org/springframework/security/access/AccessDecisionVoter
instanceKlass org/springframework/security/access/vote/AbstractAccessDecisionManager
instanceKlass org/springframework/security/access/intercept/NullRunAsManager
instanceKlass org/springframework/security/access/intercept/AbstractSecurityInterceptor$NoOpAuthenticationManager
instanceKlass org/springframework/security/web/access/expression/WebExpressionConfigAttribute
instanceKlass org/springframework/security/web/access/expression/AbstractVariableEvaluationContextPostProcessor
instanceKlass org/springframework/security/web/access/expression/EvaluationContextPostProcessor
instanceKlass org/springframework/security/web/access/expression/ExpressionBasedFilterInvocationSecurityMetadataSource$$Lambda$685
instanceKlass org/springframework/security/web/access/intercept/DefaultFilterInvocationSecurityMetadataSource
instanceKlass org/springframework/security/web/access/intercept/FilterInvocationSecurityMetadataSource
instanceKlass org/springframework/security/web/util/matcher/OrRequestMatcher
instanceKlass org/springframework/security/web/authentication/logout/CompositeLogoutHandler
instanceKlass org/springframework/security/web/util/UrlUtils
instanceKlass org/springframework/security/web/authentication/AbstractAuthenticationTargetUrlRequestHandler
instanceKlass org/springframework/security/web/authentication/logout/LogoutSuccessHandler
instanceKlass org/springframework/security/config/core/GrantedAuthorityDefaults
instanceKlass org/springframework/security/web/servletapi/HttpServlet3RequestFactory
instanceKlass org/springframework/security/web/servletapi/HttpServletRequestFactory
instanceKlass org/springframework/security/web/DefaultRedirectStrategy
instanceKlass org/springframework/security/web/RedirectStrategy
instanceKlass org/springframework/security/web/authentication/SimpleUrlAuthenticationFailureHandler
instanceKlass org/springframework/security/web/authentication/AuthenticationFailureHandler
instanceKlass org/springframework/security/web/PortMapperImpl
instanceKlass org/springframework/security/web/PortMapper
instanceKlass org/springframework/security/web/PortResolverImpl
instanceKlass org/springframework/security/web/PortResolver
instanceKlass org/springframework/security/web/savedrequest/HttpSessionRequestCache
instanceKlass org/springframework/security/web/access/ExceptionTranslationFilter$DefaultThrowableAnalyzer$1
instanceKlass org/springframework/security/web/util/ThrowableAnalyzer$3
instanceKlass org/springframework/security/web/util/ThrowableAnalyzer$2
instanceKlass org/springframework/security/web/util/ThrowableAnalyzer$1
instanceKlass org/springframework/security/web/util/ThrowableCauseExtractor
instanceKlass org/springframework/security/web/util/ThrowableAnalyzer
instanceKlass org/springframework/security/web/access/AccessDeniedHandlerImpl
instanceKlass org/springframework/security/web/access/AccessDeniedHandler
instanceKlass org/springframework/security/config/annotation/web/configurers/DefaultLoginPageConfigurer$$Lambda$684
instanceKlass org/springframework/security/web/authentication/WebAuthenticationDetailsSource
instanceKlass org/springframework/security/authentication/AuthenticationDetailsSource
instanceKlass org/springframework/security/authentication/AnonymousAuthenticationProvider
instanceKlass org/springframework/security/web/session/InvalidSessionStrategy
instanceKlass org/springframework/security/web/authentication/session/CompositeSessionAuthenticationStrategy
instanceKlass org/springframework/security/web/savedrequest/NullRequestCache
instanceKlass org/springframework/security/web/savedrequest/RequestCache
instanceKlass org/springframework/security/web/context/NullSecurityContextRepository
instanceKlass org/springframework/security/web/context/SecurityContextRepository
instanceKlass org/springframework/security/config/annotation/web/builders/WebSecurity$$Lambda$683
instanceKlass org/springframework/security/config/annotation/web/configuration/WebSecurityConfigurerAdapter$2
instanceKlass org/springframework/security/web/util/matcher/AntPathRequestMatcher$SubpathMatcher
instanceKlass org/springframework/security/config/annotation/web/configurers/AbstractConfigAttributeRequestMatcherRegistry$UrlMapping
instanceKlass org/springframework/security/access/SecurityConfig
instanceKlass org/springframework/security/access/ConfigAttribute
instanceKlass org/springframework/security/config/annotation/web/configurers/ExpressionUrlAuthorizationConfigurer$AuthorizedUrl
instanceKlass org/springframework/security/config/annotation/web/AbstractRequestMatcherRegistry$RequestMatchers
instanceKlass org/springframework/security/web/authentication/logout/SecurityContextLogoutHandler
instanceKlass org/springframework/security/web/authentication/logout/LogoutHandler
instanceKlass org/springframework/security/web/authentication/ui/DefaultLogoutPageGeneratingFilter$$Lambda$682
instanceKlass org/springframework/security/web/util/matcher/AntPathRequestMatcher$SpringAntMatcher
instanceKlass org/springframework/security/web/util/matcher/AntPathRequestMatcher$Matcher
instanceKlass org/springframework/security/web/util/matcher/AntPathRequestMatcher
instanceKlass org/springframework/security/web/util/matcher/RequestVariablesExtractor
instanceKlass org/springframework/security/web/authentication/ui/DefaultLoginPageGeneratingFilter$$Lambda$681
instanceKlass org/springframework/security/core/authority/SimpleGrantedAuthority
instanceKlass org/springframework/security/core/GrantedAuthority
instanceKlass org/springframework/security/core/authority/AuthorityUtils
instanceKlass javax/servlet/AsyncContext
instanceKlass javax/servlet/RequestDispatcher
instanceKlass javax/servlet/http/HttpServletMapping
instanceKlass javax/servlet/http/Part
instanceKlass javax/servlet/http/HttpUpgradeHandler
instanceKlass javax/servlet/http/PushBuilder
instanceKlass org/springframework/security/web/authentication/session/AbstractSessionFixationProtectionStrategy$NullEventPublisher
instanceKlass org/springframework/security/web/authentication/session/AbstractSessionFixationProtectionStrategy
instanceKlass org/springframework/security/web/authentication/session/SessionAuthenticationStrategy
instanceKlass org/springframework/security/config/annotation/web/configurers/HeadersConfigurer$FeaturePolicyConfig
instanceKlass org/springframework/security/config/annotation/web/configurers/HeadersConfigurer$ReferrerPolicyConfig
instanceKlass org/springframework/security/config/annotation/web/configurers/HeadersConfigurer$ContentSecurityPolicyConfig
instanceKlass org/springframework/security/config/annotation/web/configurers/HeadersConfigurer$HpkpConfig
instanceKlass org/springframework/security/web/header/writers/frameoptions/XFrameOptionsHeaderWriter
instanceKlass org/springframework/security/config/annotation/web/configurers/HeadersConfigurer$FrameOptionsConfig
instanceKlass org/springframework/security/web/header/writers/HstsHeaderWriter$SecureRequestMatcher
instanceKlass org/springframework/security/web/header/writers/HstsHeaderWriter
instanceKlass org/springframework/security/config/annotation/web/configurers/HeadersConfigurer$HstsConfig
instanceKlass javax/servlet/http/Cookie
instanceKlass org/springframework/security/web/header/writers/CacheControlHeadersWriter
instanceKlass org/springframework/security/config/annotation/web/configurers/HeadersConfigurer$CacheControlConfig
instanceKlass org/springframework/security/web/header/writers/XXssProtectionHeaderWriter
instanceKlass org/springframework/security/config/annotation/web/configurers/HeadersConfigurer$XXssConfig
instanceKlass org/springframework/security/web/header/Header
instanceKlass org/springframework/security/web/header/writers/StaticHeadersWriter
instanceKlass org/springframework/security/web/header/HeaderWriter
instanceKlass org/springframework/security/config/annotation/web/configurers/HeadersConfigurer$ContentTypeOptionsConfig
instanceKlass org/springframework/security/web/csrf/CsrfFilter$DefaultRequiresCsrfMatcher
instanceKlass org/springframework/security/web/csrf/HttpSessionCsrfTokenRepository
instanceKlass org/springframework/security/web/csrf/LazyCsrfTokenRepository
instanceKlass org/springframework/security/web/csrf/CsrfTokenRepository
instanceKlass org/springframework/security/config/annotation/web/builders/FilterComparator$Step
instanceKlass org/springframework/security/config/annotation/web/builders/FilterComparator
instanceKlass org/springframework/security/config/annotation/web/configuration/WebSecurityConfigurerAdapter$UserDetailsServiceDelegator
instanceKlass org/springframework/security/authentication/ProviderManager$NullEventPublisher
instanceKlass org/springframework/security/web/firewall/HttpFirewall
instanceKlass org/springframework/security/web/util/matcher/AnyRequestMatcher
instanceKlass org/springframework/security/config/annotation/web/AbstractRequestMatcherRegistry
instanceKlass org/springframework/security/config/annotation/web/builders/WebSecurity$1
instanceKlass org/springframework/expression/spel/CodeFlow
instanceKlass org/springframework/expression/spel/ast/MethodReference$CachedMethodExecutor
instanceKlass org/springframework/expression/spel/support/ReflectiveMethodExecutor
instanceKlass org/springframework/expression/MethodExecutor
instanceKlass org/springframework/expression/spel/support/ReflectionHelper$ArgumentsMatchInfo
instanceKlass org/springframework/expression/spel/support/ReflectionHelper
instanceKlass org/springframework/expression/spel/support/ReflectiveMethodResolver$$Lambda$680
instanceKlass org/springframework/expression/spel/support/ReflectiveMethodResolver
instanceKlass org/springframework/expression/MethodResolver
instanceKlass org/springframework/expression/spel/ast/MethodReference$MethodValueRef
instanceKlass org/springframework/expression/spel/ast/ValueRef
instanceKlass org/springframework/expression/spel/ExpressionState
instanceKlass org/springframework/expression/spel/standard/SpelExpression
instanceKlass org/springframework/expression/spel/ast/SpelNodeImpl
instanceKlass org/springframework/expression/spel/SpelNode
instanceKlass org/springframework/expression/spel/standard/Token
instanceKlass org/springframework/expression/spel/standard/Tokenizer
instanceKlass org/springframework/expression/common/TemplateAwareExpressionParser$Bracket
instanceKlass org/modelmapper/PropertyMap
instanceKlass org/modelmapper/TypeMap
instanceKlass org/modelmapper/Module
instanceKlass org/modelmapper/internal/MappingEngineImpl
instanceKlass org/modelmapper/spi/MappingEngine
instanceKlass org/modelmapper/convention/StrictMatchingStrategy
instanceKlass org/modelmapper/convention/StandardMatchingStrategy
instanceKlass org/modelmapper/convention/LooseMatchingStrategy
instanceKlass org/modelmapper/spi/MatchingStrategy
instanceKlass org/modelmapper/convention/MatchingStrategies
instanceKlass org/modelmapper/convention/NameTransformers$2
instanceKlass org/modelmapper/convention/NameTransformers$1
instanceKlass org/modelmapper/spi/NameTransformer
instanceKlass org/modelmapper/convention/NameTransformers
instanceKlass org/modelmapper/convention/NamingConventions$3
instanceKlass org/modelmapper/convention/NamingConventions$2
instanceKlass org/modelmapper/convention/NamingConventions$1
instanceKlass org/modelmapper/spi/NamingConvention
instanceKlass org/modelmapper/convention/NamingConventions
instanceKlass org/modelmapper/convention/NameTokenizers$UnderscoreNameTokenizer
instanceKlass org/modelmapper/convention/NameTokenizers$CamelCaseNameTokenizer
instanceKlass org/modelmapper/spi/NameTokenizer
instanceKlass org/modelmapper/convention/NameTokenizers
instanceKlass org/modelmapper/internal/valuemutate/MapValueWriter
instanceKlass org/modelmapper/spi/ValueWriter
instanceKlass org/modelmapper/internal/valuemutate/ValueMutateStore
instanceKlass org/modelmapper/internal/typetools/TypeResolver$1
instanceKlass org/modelmapper/internal/typetools/TypeResolver
instanceKlass org/modelmapper/internal/util/Assert
instanceKlass org/modelmapper/internal/valueaccess/MapValueReader
instanceKlass org/modelmapper/internal/util/CopyOnWriteLinkedHashMap
instanceKlass org/modelmapper/spi/ValueReader
instanceKlass org/modelmapper/internal/valueaccess/ValueAccessStore
instanceKlass org/modelmapper/internal/converter/CalendarConverter
instanceKlass org/modelmapper/internal/converter/DateConverter
instanceKlass org/modelmapper/internal/converter/CharacterConverter
instanceKlass org/modelmapper/internal/converter/BooleanConverter
instanceKlass org/modelmapper/internal/converter/NumberConverter
instanceKlass org/modelmapper/internal/converter/EnumConverter
instanceKlass org/modelmapper/internal/converter/StringConverter
instanceKlass org/modelmapper/internal/converter/AssignableConverter
instanceKlass org/modelmapper/internal/converter/MapConverter
instanceKlass org/modelmapper/internal/converter/IterableConverter
instanceKlass org/modelmapper/spi/ConditionalConverter
instanceKlass org/modelmapper/Converter
instanceKlass org/modelmapper/internal/converter/ConverterStore
instanceKlass org/modelmapper/internal/TypeMapStore
instanceKlass org/modelmapper/internal/InheritingConfiguration
instanceKlass org/modelmapper/config/Configuration
instanceKlass springfox/documentation/swagger/web/UiConfiguration
instanceKlass springfox/documentation/swagger/web/SecurityConfiguration
instanceKlass springfox/documentation/swagger2/web/Swagger2Controller
instanceKlass springfox/documentation/schema/ClassSupport
instanceKlass springfox/documentation/swagger/web/SwaggerResource
instanceKlass springfox/documentation/builders/ParameterBuilder
instanceKlass io/swagger/annotations/ApiModelProperty
instanceKlass io/swagger/annotations/ApiParam
instanceKlass io/swagger/annotations/ApiResponse
instanceKlass io/swagger/annotations/ApiOperation
instanceKlass io/swagger/annotations/Extension
instanceKlass springfox/documentation/schema/ModelRef
instanceKlass io/swagger/annotations/ApiImplicitParam
instanceKlass javax/xml/bind/annotation/XmlRootElement
instanceKlass javax/xml/bind/annotation/XmlType
instanceKlass springfox/documentation/schema/AlternateTypeRuleConvention
instanceKlass springfox/documentation/spi/service/contexts/Orderings$3
instanceKlass springfox/documentation/spi/service/contexts/Orderings$4
instanceKlass springfox/documentation/spi/service/contexts/Orderings$5
instanceKlass com/google/common/collect/ObjectArrays
instanceKlass springfox/documentation/spi/service/contexts/Orderings$1
instanceKlass springfox/documentation/spi/service/contexts/Orderings$2
instanceKlass springfox/documentation/spi/service/contexts/Orderings
instanceKlass springfox/documentation/builders/BuilderDefaults
instanceKlass com/google/common/collect/Lists
instanceKlass springfox/documentation/builders/ResponseMessageBuilder
instanceKlass springfox/documentation/service/ResponseMessage
instanceKlass org/springframework/web/util/UriComponentsBuilder
instanceKlass org/springframework/web/util/UriBuilder
instanceKlass org/springframework/validation/BindingResult
instanceKlass org/springframework/validation/Errors
instanceKlass com/google/common/collect/Sets
instanceKlass org/springframework/web/servlet/handler/AbstractHandlerMethodMapping$MappingRegistration
instanceKlass org/springframework/web/servlet/handler/AbstractHandlerMethodMapping$$Lambda$679
instanceKlass org/springframework/web/servlet/mvc/condition/AbstractMediaTypeExpression
instanceKlass org/springframework/web/servlet/mvc/condition/MediaTypeExpression
instanceKlass org/springframework/web/servlet/mvc/method/RequestMappingInfo$DefaultBuilder
instanceKlass org/springframework/web/servlet/mvc/method/RequestMappingInfo$Builder
instanceKlass org/springframework/core/annotation/MapAnnotationAttributeExtractor$$Lambda$678
instanceKlass org/springframework/core/MethodIntrospector$$Lambda$677
instanceKlass org/springframework/core/MethodIntrospector
instanceKlass org/springframework/web/servlet/handler/AbstractHandlerMethodMapping$$Lambda$676
instanceKlass org/springframework/core/MethodIntrospector$MetadataLookup
instanceKlass org/springframework/web/servlet/handler/MappedInterceptor
instanceKlass org/springframework/web/servlet/mvc/method/RequestMappingInfo
instanceKlass org/springframework/web/bind/annotation/CrossOrigin
instanceKlass org/springframework/web/servlet/handler/RequestMatchResult
instanceKlass org/springframework/web/servlet/config/annotation/InterceptorRegistry$$Lambda$675
instanceKlass org/springframework/web/servlet/config/annotation/InterceptorRegistry$$Lambda$674
instanceKlass org/springframework/data/repository/support/DomainClassConverter$$Lambda$673
instanceKlass org/springframework/data/repository/support/DomainClassConverter$ToIdConverter
instanceKlass org/springframework/data/repository/support/DomainClassConverter$$Lambda$672
instanceKlass org/springframework/data/repository/support/DefaultRepositoryInvokerFactory
instanceKlass org/springframework/data/repository/support/RepositoryInvokerFactory
instanceKlass org/springframework/data/repository/support/DomainClassConverter$ToEntityConverter
instanceKlass org/springframework/data/repository/core/support/RepositoryFactoryBeanSupport$$Lambda$671
instanceKlass org/springframework/data/repository/support/Repositories
instanceKlass org/springframework/data/repository/support/DomainClassConverter
instanceKlass org/springframework/data/geo/Point
instanceKlass org/springframework/data/geo/Distance
instanceKlass org/springframework/data/geo/Metric
instanceKlass org/springframework/web/servlet/handler/HandlerInterceptorAdapter
instanceKlass org/springframework/web/servlet/config/annotation/InterceptorRegistration
instanceKlass org/springframework/web/servlet/handler/WebRequestHandlerInterceptorAdapter
instanceKlass org/springframework/web/servlet/AsyncHandlerInterceptor
instanceKlass org/springframework/web/servlet/HandlerInterceptor
instanceKlass org/springframework/web/servlet/config/annotation/InterceptorRegistry$$Lambda$670
instanceKlass org/springframework/web/servlet/mvc/method/RequestMappingInfo$BuilderConfiguration
instanceKlass org/springframework/web/servlet/mvc/method/RequestMappingInfoHandlerMethodMappingNamingStrategy
instanceKlass org/springframework/web/servlet/handler/HandlerMethodMappingNamingStrategy
instanceKlass org/springframework/web/servlet/handler/AbstractHandlerMethodMapping$MappingRegistry
instanceKlass org/springframework/web/cors/DefaultCorsProcessor
instanceKlass org/springframework/web/cors/CorsProcessor
instanceKlass org/springframework/web/cors/UrlBasedCorsConfigurationSource
instanceKlass org/springframework/http/HttpHeaders
instanceKlass org/springframework/web/servlet/mvc/method/RequestMappingInfoHandlerMapping$HttpOptionsHandler
instanceKlass org/springframework/web/cors/CorsConfiguration
instanceKlass org/springframework/web/servlet/handler/AbstractHandlerMethodMapping$EmptyHandler
instanceKlass com/google/common/collect/Ordering
instanceKlass org/springframework/web/method/HandlerMethod
instanceKlass springfox/documentation/spi/service/RequestHandlerCombiner
instanceKlass springfox/documentation/service/AllowableValues
instanceKlass org/springframework/web/bind/annotation/PathVariable
instanceKlass org/springframework/web/bind/annotation/RequestParam
instanceKlass org/springframework/web/servlet/mvc/condition/NameValueExpression
instanceKlass springfox/documentation/spring/web/readers/parameter/ModelAttributeField
instanceKlass springfox/documentation/spring/web/readers/parameter/ExpansionContext
instanceKlass springfox/documentation/spi/schema/AlternateTypeProvider
instanceKlass springfox/documentation/service/ResolvedMethodParameter
instanceKlass com/google/common/collect/FluentIterable
instanceKlass springfox/documentation/schema/ModelNameContext
